<?xml version="1.0" encoding="UTF-8"?>
<!-- Generated by org.testng.reporters.JUnitXMLReporter -->
<testsuite hostname="fuckoff" failures="0" tests="7" name="Surefire test" time="0.046" errors="0" timestamp="8 Feb 2021 16:44:20 GMT">
  <testcase classname="qaclickacademy.Mavenjava.AppiumTest" name="NativeAppandroid" time="0.015"/>
  <testcase classname="qaclickacademy.Mavenjava.AppiumTest" name="iosApp" time="0.0"/>
  <testcase classname="qaclickacademy.Mavenjava.AppTest" name="shouldAnswerWithTrue" time="0.004"/>
  <testcase classname="qaclickacademy.Mavenjava.RestAPITest" name="deleteTwitter" time="0.0"/>
  <testcase classname="qaclickacademy.Mavenjava.RestAPITest" name="postJera" time="0.001"/>
  <testcase classname="qaclickacademy.Mavenjava.seleniumTest" name="BrowserAutomation" time="0.0"/>
  <testcase classname="qaclickacademy.Mavenjava.seleniumTest" name="elementsUI" time="0.0"/>
</testsuite> <!-- Surefire test -->
