<?xml version="1.0" encoding="UTF-8"?>
<!-- Generated by org.testng.reporters.JUnitXMLReporter -->
<testsuite ignored="0" hostname="fuckoff" failures="0" tests="7" name="Command line test" time="0.119" errors="0" timestamp="08 Feb 2021 17:05:18 GMT">
  <testcase classname="qaclickacademy.Mavenjava.AppiumTest" name="NativeAppandroid" time="0.019"/>
  <testcase classname="qaclickacademy.Mavenjava.AppiumTest" name="iosApp" time="0.0"/>
  <testcase classname="qaclickacademy.Mavenjava.AppTest" name="shouldAnswerWithTrue" time="0.002"/>
  <testcase classname="qaclickacademy.Mavenjava.RestAPITest" name="deleteTwitter" time="0.001"/>
  <testcase classname="qaclickacademy.Mavenjava.RestAPITest" name="postJera" time="0.001"/>
  <testcase classname="qaclickacademy.Mavenjava.seleniumTest" name="BrowserAutomation" time="0.0"/>
  <testcase classname="qaclickacademy.Mavenjava.seleniumTest" name="elementsUI" time="0.001"/>
</testsuite> <!-- Command line test -->
