<?xml version="1.0" encoding="UTF-8" ?>
<testsuite tests="7" failures="0" name="TestSuite" time="0.029" errors="0" skipped="0">
  <properties>
[...]
</properties>
  <testcase classname="qaclickacademy.Mavenjava.AppiumTest" name="NativeAppandroid" time="0.025"/>
  <testcase classname="qaclickacademy.Mavenjava.AppiumTest" name="iosApp" time="0"/>
  <testcase classname="qaclickacademy.Mavenjava.AppTest" name="shouldAnswerWithTrue" time="0.002"/>
  <testcase classname="qaclickacademy.Mavenjava.RestAPITest" name="deleteTwitter" time="0.001"/>
  <testcase classname="qaclickacademy.Mavenjava.RestAPITest" name="postJera" time="0"/>
  <testcase classname="qaclickacademy.Mavenjava.seleniumTest" name="BrowserAutomation" time="0.001"/>
  <testcase classname="qaclickacademy.Mavenjava.seleniumTest" name="elementsUI" time="0"/>
</testsuite>